Importer Log Report
Document: C:\Program Files\KiCad\7.0\share\kicad\symbols\MCU_Microchip_PIC16.kicad_sym
    Section : Analyze Document from - C:\Program Files\KiCad\7.0\share\kicad\symbols\MCU_Microchip_PIC16.kicad_sym
        Warning: Unknown child alternate of pin.
        Warning: Unknown child alternate of pin.
        Warning: Unknown child alternate of pin.
        Warning: Unknown child alternate of pin.
        Warning: Unknown child alternate of pin.
        Warning: Unknown child alternate of pin.
        Warning: Unknown child alternate of pin.
        Warning: Unknown child alternate of pin.
        Warning: Unknown child alternate of pin.
        Warning: Unknown child alternate of pin.
        Warning: Unknown child alternate of pin.
        Warning: Unknown child alternate of pin.
        Warning: Unknown child alternate of pin.
        Warning: Unknown child alternate of pin.
        Warning: Unknown child alternate of pin.
        Warning: Unknown child alternate of pin.
        Warning: Unknown child alternate of pin.
        Warning: Unknown child alternate of pin.
        Warning: Unknown child alternate of pin.
        Warning: Unknown child alternate of pin.
        Warning: Unknown child alternate of pin.
        Warning: Unknown child alternate of pin.
        Warning: Unknown child alternate of pin.
        Warning: Unknown child alternate of pin.
        Warning: Unknown child alternate of pin.
        Warning: Unknown child alternate of pin.
        Warning: Unknown child alternate of pin.
        Warning: Unknown child alternate of pin.
        Warning: Unknown child alternate of pin.
        Warning: Unknown child alternate of pin.
        Warning: Unknown child alternate of pin.
        Warning: Unknown child alternate of pin.
        Warning: Unknown child alternate of pin.
        Warning: Unknown child alternate of pin.
        Warning: Unknown child alternate of pin.
        Warning: Unknown child alternate of pin.
        Warning: Unknown child alternate of pin.
        Warning: Unknown child alternate of pin.
        Warning: Unknown child alternate of pin.
        Warning: Unknown child alternate of pin.
        Warning: Unknown child alternate of pin.
        Warning: Unknown child alternate of pin.
        Warning: Unknown child alternate of pin.
        Warning: Unknown child alternate of pin.
        Warning: Unknown child alternate of pin.
        Warning: Unknown child alternate of pin.
        Warning: Unknown child alternate of pin.
        Warning: Unknown child alternate of pin.
        Warning: Unknown child alternate of pin.
        Warning: Unknown child alternate of pin.
        Warning: Unknown child alternate of pin.
        Warning: Unknown child alternate of pin.
        Warning: Unknown child alternate of pin.
        Warning: Unknown child alternate of pin.
        Warning: Unknown child alternate of pin.
        Warning: Unknown child alternate of pin.
        Warning: Unknown child alternate of pin.
        Warning: Unknown child alternate of pin.
        Warning: Unknown child alternate of pin.
        Warning: Unknown child alternate of pin.
        Warning: Unknown child alternate of pin.
        Warning: Unknown child alternate of pin.
        Warning: Unknown child alternate of pin.
        Warning: Unknown child alternate of pin.
        Warning: Unknown child alternate of pin.
        Warning: Unknown child alternate of pin.
        Warning: Unknown child alternate of pin.
        Warning: Unknown child alternate of pin.
        Warning: Unknown child alternate of pin.
        Warning: Unknown child alternate of pin.
        Warning: Unknown child alternate of pin.
        Warning: Unknown child alternate of pin.
        Warning: Unknown child alternate of pin.
        Warning: Unknown child alternate of pin.
        Warning: Unknown child alternate of pin.
        Warning: Unknown child alternate of pin.
        Warning: Unknown child alternate of pin.
        Warning: Unknown child alternate of pin.
        Warning: Unknown child alternate of pin.
        Warning: Unknown child alternate of pin.
        Warning: Unknown child alternate of pin.
        Warning: Unknown child alternate of pin.
        Warning: Unknown child alternate of pin.
        Warning: Unknown child alternate of pin.
        Warning: Unknown child alternate of pin.
        Warning: Unknown child alternate of pin.
        Warning: Unknown child alternate of pin.
        Warning: Unknown child alternate of pin.
        Warning: Unknown child alternate of pin.
        Warning: Unknown child alternate of pin.
        Warning: Unknown child alternate of pin.
        Warning: Unknown child alternate of pin.
        Warning: Unknown child alternate of pin.
        Warning: Unknown child alternate of pin.
        Warning: Unknown child alternate of pin.
        Warning: Unknown child alternate of pin.
        Warning: Unknown child alternate of pin.
        Warning: Unknown child alternate of pin.
        Warning: Unknown child alternate of pin.
        Warning: Unknown child alternate of pin.
        Warning: Unknown child alternate of pin.
        Warning: Unknown child alternate of pin.
        Warning: Unknown child alternate of pin.
        Warning: Unknown child alternate of pin.
        Warning: Unknown child alternate of pin.
        Warning: Unknown child alternate of pin.
        Warning: Unknown child alternate of pin.
        Warning: Unknown child alternate of pin.
        Warning: Unknown child alternate of pin.
        Warning: Unknown child alternate of pin.
        Warning: Unknown child alternate of pin.
        Warning: Unknown child alternate of pin.
        Warning: Unknown child alternate of pin.
        Warning: Unknown child alternate of pin.
        Warning: Unknown child alternate of pin.
        Warning: Unknown child alternate of pin.
        Warning: Unknown child alternate of pin.
        Warning: Unknown child alternate of pin.
        Warning: Unknown child alternate of pin.
        Warning: Unknown child alternate of pin.
        Warning: Unknown child alternate of pin.
        Warning: Unknown child alternate of pin.
        Warning: Unknown child alternate of pin.
        Warning: Unknown child alternate of pin.
        Warning: Unknown child alternate of pin.
        Warning: Unknown child alternate of pin.
        Warning: Unknown child alternate of pin.
        Warning: Unknown child alternate of pin.
        Warning: Unknown child alternate of pin.
        Warning: Unknown child alternate of pin.
        Warning: Unknown child alternate of pin.
        Warning: Unknown child alternate of pin.
    EndSection
